# JRE version: OpenJDK Runtime Environment (21.0.4) (build 21.0.4+-12508038-b607.1)
# Java VM: OpenJDK 64-Bit Server VM (21.0.4+-12508038-b607.1, mixed mode, tiered, compressed oops, compressed class ptrs, g1 gc, windows-amd64)
GC Precious Log:
 CardTable entry size: 512
 Card Set container configuration: InlinePtr #cards 5 size 8 Array Of Cards #cards 12 size 40 Howl #buckets 4 coarsen threshold 1843 Howl Bitmap #cards 512 size 80 coarsen threshold 460 Card regions per heap region 1 cards per card region 2048
 CPUs: 4 total, 4 available
 Memory: 8089M
 Large Page Support: Disabled
 NUMA Support: Disabled
 Compressed Oops: Enabled (32-bit)
 Heap Region Size: 1M
 Heap Min Capacity: 8M
 Heap Initial Capacity: 128M
 Heap Max Capacity: 2024M
 Pre-touch: Disabled
 Parallel Workers: 4
 Concurrent Workers: 1
 Concurrent Refinement Workers: 4
 Periodic GC: Disabled
Heap:
 garbage-first heap   total 48128K, used 34016K [0x0000000081800000, 0x0000000100000000)
  region size 1024K, 6 young (6144K), 1 survivors (1024K)
 Metaspace       used 44755K, committed 45440K, reserved 1114112K
  class space    used 5319K, committed 5632K, reserved 1048576K
GC Heap History (20 events):
Event: 39.936 GC heap before
{Heap before GC invocations=7 (full 0):
 garbage-first heap   total 36864K, used 29180K [0x0000000081800000, 0x0000000100000000)
  region size 1024K, 15 young (15360K), 2 survivors (2048K)
 Metaspace       used 32075K, committed 32256K, reserved 1114112K
  class space    used 3898K, committed 3968K, reserved 1048576K
}
Event: 39.942 GC heap after
{Heap after GC invocations=8 (full 0):
 garbage-first heap   total 36864K, used 17487K [0x0000000081800000, 0x0000000100000000)
  region size 1024K, 2 young (2048K), 2 survivors (2048K)
 Metaspace       used 32075K, committed 32256K, reserved 1114112K
  class space    used 3898K, committed 3968K, reserved 1048576K
}
Event: 40.295 GC heap before
{Heap before GC invocations=8 (full 0):
 garbage-first heap   total 36864K, used 29775K [0x0000000081800000, 0x0000000100000000)
  region size 1024K, 14 young (14336K), 2 survivors (2048K)
 Metaspace       used 34765K, committed 34944K, reserved 1114112K
  class space    used 4090K, committed 4160K, reserved 1048576K
}
Event: 40.302 GC heap after
{Heap after GC invocations=9 (full 0):
 garbage-first heap   total 36864K, used 18761K [0x0000000081800000, 0x0000000100000000)
  region size 1024K, 2 young (2048K), 2 survivors (2048K)
 Metaspace       used 34765K, committed 34944K, reserved 1114112K
  class space    used 4090K, committed 4160K, reserved 1048576K
}
Event: 40.557 GC heap before
{Heap before GC invocations=9 (full 0):
 garbage-first heap   total 36864K, used 21833K [0x0000000081800000, 0x0000000100000000)
  region size 1024K, 7 young (7168K), 2 survivors (2048K)
 Metaspace       used 35849K, committed 36096K, reserved 1114112K
  class space    used 4208K, committed 4352K, reserved 1048576K
}
Event: 40.561 GC heap after
{Heap after GC invocations=10 (full 0):
 garbage-first heap   total 36864K, used 19248K [0x0000000081800000, 0x0000000100000000)
  region size 1024K, 1 young (1024K), 1 survivors (1024K)
 Metaspace       used 35849K, committed 36096K, reserved 1114112K
  class space    used 4208K, committed 4352K, reserved 1048576K
}
Event: 41.188 GC heap before
{Heap before GC invocations=11 (full 0):
 garbage-first heap   total 36864K, used 30512K [0x0000000081800000, 0x0000000100000000)
  region size 1024K, 12 young (12288K), 1 survivors (1024K)
 Metaspace       used 37227K, committed 37760K, reserved 1114112K
  class space    used 4426K, committed 4672K, reserved 1048576K
}
Event: 41.193 GC heap after
{Heap after GC invocations=12 (full 0):
 garbage-first heap   total 36864K, used 19832K [0x0000000081800000, 0x0000000100000000)
  region size 1024K, 2 young (2048K), 2 survivors (2048K)
 Metaspace       used 37227K, committed 37760K, reserved 1114112K
  class space    used 4426K, committed 4672K, reserved 1048576K
}
Event: 44.472 GC heap before
{Heap before GC invocations=12 (full 0):
 garbage-first heap   total 36864K, used 30072K [0x0000000081800000, 0x0000000100000000)
  region size 1024K, 12 young (12288K), 2 survivors (2048K)
 Metaspace       used 39203K, committed 39936K, reserved 1114112K
  class space    used 4704K, committed 5056K, reserved 1048576K
}
Event: 44.489 GC heap after
{Heap after GC invocations=13 (full 0):
 garbage-first heap   total 36864K, used 20195K [0x0000000081800000, 0x0000000100000000)
  region size 1024K, 2 young (2048K), 2 survivors (2048K)
 Metaspace       used 39203K, committed 39936K, reserved 1114112K
  class space    used 4704K, committed 5056K, reserved 1048576K
}
Event: 50.639 GC heap before
{Heap before GC invocations=13 (full 0):
 garbage-first heap   total 36864K, used 29411K [0x0000000081800000, 0x0000000100000000)
  region size 1024K, 12 young (12288K), 2 survivors (2048K)
 Metaspace       used 42255K, committed 42944K, reserved 1114112K
  class space    used 5057K, committed 5376K, reserved 1048576K
}
Event: 50.657 GC heap after
{Heap after GC invocations=14 (full 0):
 garbage-first heap   total 36864K, used 21250K [0x0000000081800000, 0x0000000100000000)
  region size 1024K, 2 young (2048K), 2 survivors (2048K)
 Metaspace       used 42255K, committed 42944K, reserved 1114112K
  class space    used 5057K, committed 5376K, reserved 1048576K
}
Event: 51.435 GC heap before
{Heap before GC invocations=15 (full 0):
 garbage-first heap   total 36864K, used 32514K [0x0000000081800000, 0x0000000100000000)
  region size 1024K, 12 young (12288K), 2 survivors (2048K)
 Metaspace       used 44156K, committed 44928K, reserved 1114112K
  class space    used 5273K, committed 5632K, reserved 1048576K
}
Event: 51.440 GC heap after
{Heap after GC invocations=16 (full 0):
 garbage-first heap   total 37888K, used 24765K [0x0000000081800000, 0x0000000100000000)
  region size 1024K, 2 young (2048K), 2 survivors (2048K)
 Metaspace       used 44156K, committed 44928K, reserved 1114112K
  class space    used 5273K, committed 5632K, reserved 1048576K
}
Event: 51.704 GC heap before
{Heap before GC invocations=16 (full 0):
 garbage-first heap   total 37888K, used 32957K [0x0000000081800000, 0x0000000100000000)
  region size 1024K, 9 young (9216K), 2 survivors (2048K)
 Metaspace       used 44656K, committed 45312K, reserved 1114112K
  class space    used 5319K, committed 5632K, reserved 1048576K
}
Event: 51.711 GC heap after
{Heap after GC invocations=17 (full 0):
 garbage-first heap   total 37888K, used 26475K [0x0000000081800000, 0x0000000100000000)
  region size 1024K, 2 young (2048K), 2 survivors (2048K)
 Metaspace       used 44656K, committed 45312K, reserved 1114112K
  class space    used 5319K, committed 5632K, reserved 1048576K
}
Event: 51.759 GC heap before
{Heap before GC invocations=17 (full 0):
 garbage-first heap   total 37888K, used 32619K [0x0000000081800000, 0x0000000100000000)
  region size 1024K, 8 young (8192K), 2 survivors (2048K)
 Metaspace       used 44691K, committed 45376K, reserved 1114112K
  class space    used 5319K, committed 5632K, reserved 1048576K
}
Event: 51.763 GC heap after
{Heap after GC invocations=18 (full 0):
 garbage-first heap   total 37888K, used 28072K [0x0000000081800000, 0x0000000100000000)
  region size 1024K, 1 young (1024K), 1 survivors (1024K)
 Metaspace       used 44691K, committed 45376K, reserved 1114112K
  class space    used 5319K, committed 5632K, reserved 1048576K
}
Event: 51.844 GC heap before
{Heap before GC invocations=19 (full 0):
 garbage-first heap   total 48128K, used 33192K [0x0000000081800000, 0x0000000100000000)
  region size 1024K, 6 young (6144K), 1 survivors (1024K)
 Metaspace       used 44742K, committed 45440K, reserved 1114112K
  class space    used 5319K, committed 5632K, reserved 1048576K
}
Event: 51.849 GC heap after
{Heap after GC invocations=20 (full 0):
 garbage-first heap   total 48128K, used 29920K [0x0000000081800000, 0x0000000100000000)
  region size 1024K, 1 young (1024K), 1 survivors (1024K)
 Metaspace       used 44742K, committed 45440K, reserved 1114112K
  class space    used 5319K, committed 5632K, reserved 1048576K
}

